<?xml version="1.0" encoding="UTF-8"?>
<!-- Generated by org.testng.reporters.JUnitXMLReporter -->
<testsuite ignored="1" hostname="DESKTOP-FV4QLF7" failures="0" tests="2" name="firefox" time="0.074" errors="0" timestamp="2024-01-02T11:43:31 IST">
  <testcase classname="testPackage1.TestClassTNG2$TestClassTNG" name="test3" time="0.001">
    <skipped/>
  </testcase> <!-- test3 -->
  <testcase classname="testPackage1.LoginTestClass" name="VerifyLoginFunctionalityWithCorrectData" time="0.0">
    <skipped/>
  </testcase> <!-- VerifyLoginFunctionalityWithCorrectData -->
  <testcase classname="testPackage1.LoginTestClass" name="VerifyLoginFunctionalityWithIncorrectData" time="0.0">
    <ignored/>
  </testcase> <!-- VerifyLoginFunctionalityWithIncorrectData -->
</testsuite> <!-- firefox -->
